# Logfile created on 2014-03-07 01:32:46 -0600 by logger.rb/44203
I, [2014-03-07T01:32:46.365997 #2229]  INFO -- : 0:  diff-lcs (1.2.5) from /Users/dkarter/.rvm/gems/ruby-2.1.0/specifications/diff-lcs-1.2.5.gemspec
I, [2014-03-07T01:32:46.916312 #2229]  INFO -- : 0:  rspec-support (3.0.0.beta2) from /Users/dkarter/.rvm/gems/ruby-2.1.0/specifications/rspec-support-3.0.0.beta2.gemspec
I, [2014-03-07T01:32:48.805620 #2229]  INFO -- : 0:  rspec-core (3.0.0.beta2) from /Users/dkarter/.rvm/gems/ruby-2.1.0/specifications/rspec-core-3.0.0.beta2.gemspec
I, [2014-03-07T01:32:50.107353 #2229]  INFO -- : 0:  rspec-expectations (3.0.0.beta2) from /Users/dkarter/.rvm/gems/ruby-2.1.0/specifications/rspec-expectations-3.0.0.beta2.gemspec
I, [2014-03-07T01:32:50.793054 #2229]  INFO -- : 0:  rspec-mocks (3.0.0.beta2) from /Users/dkarter/.rvm/gems/ruby-2.1.0/specifications/rspec-mocks-3.0.0.beta2.gemspec
I, [2014-03-07T01:32:50.802585 #2229]  INFO -- : 0:  rspec (3.0.0.beta2) from /Users/dkarter/.rvm/gems/ruby-2.1.0/bundler/gems/rspec-b0666f0a4cbb/rspec.gemspec
I, [2014-03-07T01:32:50.922465 #2229]  INFO -- : 0:  thor (0.18.1) from /Users/dkarter/.rvm/gems/ruby-2.1.0/bundler/gems/thor-615d69cae3ff/thor.gemspec
I, [2014-03-07T01:32:50.922816 #2229]  INFO -- : 0:  bundler (1.5.1) from /Users/dkarter/.rvm/gems/ruby-2.1.0@global/specifications/bundler-1.5.1.gemspec
I, [2014-03-07T01:43:13.107453 #2327]  INFO -- : 0:  diff-lcs (1.2.5) from /Users/dkarter/.rvm/gems/ruby-2.1.0/specifications/diff-lcs-1.2.5.gemspec
I, [2014-03-07T01:43:13.107791 #2327]  INFO -- : 0:  rspec-support (3.0.0.beta2) from /Users/dkarter/.rvm/gems/ruby-2.1.0/specifications/rspec-support-3.0.0.beta2.gemspec
I, [2014-03-07T01:43:13.108005 #2327]  INFO -- : 0:  rspec-core (3.0.0.beta2) from /Users/dkarter/.rvm/gems/ruby-2.1.0/specifications/rspec-core-3.0.0.beta2.gemspec
I, [2014-03-07T01:43:13.108202 #2327]  INFO -- : 0:  rspec-expectations (3.0.0.beta2) from /Users/dkarter/.rvm/gems/ruby-2.1.0/specifications/rspec-expectations-3.0.0.beta2.gemspec
I, [2014-03-07T01:43:13.108392 #2327]  INFO -- : 0:  rspec-mocks (3.0.0.beta2) from /Users/dkarter/.rvm/gems/ruby-2.1.0/specifications/rspec-mocks-3.0.0.beta2.gemspec
I, [2014-03-07T01:43:13.119837 #2327]  INFO -- : 0:  rspec (3.0.0.beta2) from /Users/dkarter/.rvm/gems/ruby-2.1.0/bundler/gems/rspec-b0666f0a4cbb/rspec.gemspec
I, [2014-03-07T01:43:13.134702 #2327]  INFO -- : 0:  rspec-its (1.0.0) from /Users/dkarter/.rvm/gems/ruby-2.1.0/bundler/gems/rspec-its-12f76947a56d/rspec-its.gemspec
I, [2014-03-07T01:43:13.244963 #2327]  INFO -- : 0:  thor (0.18.1) from /Users/dkarter/.rvm/gems/ruby-2.1.0/bundler/gems/thor-615d69cae3ff/thor.gemspec
I, [2014-03-07T01:43:13.245210 #2327]  INFO -- : 0:  bundler (1.5.1) from /Users/dkarter/.rvm/gems/ruby-2.1.0@global/specifications/bundler-1.5.1.gemspec
I, [2014-03-07T02:32:16.405431 #3135]  INFO -- : 0:  timers (1.1.0) from /Users/dkarter/.rvm/gems/ruby-2.1.0/specifications/timers-1.1.0.gemspec
I, [2014-03-07T02:32:16.405710 #3135]  INFO -- : 0:  celluloid (0.15.2) from /Users/dkarter/.rvm/gems/ruby-2.1.0/specifications/celluloid-0.15.2.gemspec
I, [2014-03-07T02:32:16.405917 #3135]  INFO -- : 0:  nio4r (1.0.0) from /Users/dkarter/.rvm/gems/ruby-2.1.0/specifications/nio4r-1.0.0.gemspec
I, [2014-03-07T02:32:16.406133 #3135]  INFO -- : 0:  celluloid-io (0.15.0) from /Users/dkarter/.rvm/gems/ruby-2.1.0/specifications/celluloid-io-0.15.0.gemspec
I, [2014-03-07T02:32:17.169673 #3135]  INFO -- : 0:  coderay (1.1.0) from /Users/dkarter/.rvm/gems/ruby-2.1.0/specifications/coderay-1.1.0.gemspec
I, [2014-03-07T02:32:17.169947 #3135]  INFO -- : 0:  diff-lcs (1.2.5) from /Users/dkarter/.rvm/gems/ruby-2.1.0/specifications/diff-lcs-1.2.5.gemspec
I, [2014-03-07T02:32:17.170136 #3135]  INFO -- : 0:  ffi (1.9.3) from /Users/dkarter/.rvm/gems/ruby-2.1.0/specifications/ffi-1.9.3.gemspec
I, [2014-03-07T02:32:17.170312 #3135]  INFO -- : 0:  formatador (0.2.4) from /Users/dkarter/.rvm/gems/ruby-2.1.0/specifications/formatador-0.2.4.gemspec
I, [2014-03-07T02:32:17.170485 #3135]  INFO -- : 0:  rb-fsevent (0.9.4) from /Users/dkarter/.rvm/gems/ruby-2.1.0/specifications/rb-fsevent-0.9.4.gemspec
I, [2014-03-07T02:32:17.170668 #3135]  INFO -- : 0:  rb-inotify (0.9.3) from /Users/dkarter/.rvm/gems/ruby-2.1.0/specifications/rb-inotify-0.9.3.gemspec
I, [2014-03-07T02:32:17.170838 #3135]  INFO -- : 0:  listen (2.7.0) from /Users/dkarter/.rvm/gems/ruby-2.1.0/specifications/listen-2.7.0.gemspec
I, [2014-03-07T02:32:17.171007 #3135]  INFO -- : 0:  lumberjack (1.0.4) from /Users/dkarter/.rvm/gems/ruby-2.1.0/specifications/lumberjack-1.0.4.gemspec
I, [2014-03-07T02:32:17.171175 #3135]  INFO -- : 0:  method_source (0.8.2) from /Users/dkarter/.rvm/gems/ruby-2.1.0/specifications/method_source-0.8.2.gemspec
I, [2014-03-07T02:32:17.171337 #3135]  INFO -- : 0:  slop (3.4.7) from /Users/dkarter/.rvm/gems/ruby-2.1.0/specifications/slop-3.4.7.gemspec
I, [2014-03-07T02:32:18.987865 #3135]  INFO -- : 0:  pry (0.9.12.6) from /Users/dkarter/.rvm/gems/ruby-2.1.0/specifications/pry-0.9.12.6.gemspec
I, [2014-03-07T02:32:18.988119 #3135]  INFO -- : 0:  thor (0.18.1) from /Users/dkarter/.rvm/gems/ruby-2.1.0@global/specifications/thor-0.18.1.gemspec
I, [2014-03-07T02:32:18.988293 #3135]  INFO -- : 0:  guard (2.5.1) from /Users/dkarter/.rvm/gems/ruby-2.1.0/specifications/guard-2.5.1.gemspec
I, [2014-03-07T02:32:18.988468 #3135]  INFO -- : 0:  rspec-core (2.14.8) from /Users/dkarter/.rvm/gems/ruby-2.1.0/specifications/rspec-core-2.14.8.gemspec
I, [2014-03-07T02:32:18.988644 #3135]  INFO -- : 0:  rspec-expectations (2.14.5) from /Users/dkarter/.rvm/gems/ruby-2.1.0/specifications/rspec-expectations-2.14.5.gemspec
I, [2014-03-07T02:32:18.988814 #3135]  INFO -- : 0:  rspec-mocks (2.14.6) from /Users/dkarter/.rvm/gems/ruby-2.1.0/specifications/rspec-mocks-2.14.6.gemspec
I, [2014-03-07T02:32:18.988978 #3135]  INFO -- : 0:  rspec (2.14.1) from /Users/dkarter/.rvm/gems/ruby-2.1.0/specifications/rspec-2.14.1.gemspec
I, [2014-03-07T02:32:19.945705 #3135]  INFO -- : 0:  guard-rspec (4.2.8) from /Users/dkarter/.rvm/gems/ruby-2.1.0/specifications/guard-rspec-4.2.8.gemspec
I, [2014-03-07T02:32:20.846275 #3135]  INFO -- : 0:  terminal-notifier-guard (1.5.3) from /Users/dkarter/.rvm/gems/ruby-2.1.0/specifications/terminal-notifier-guard-1.5.3.gemspec
I, [2014-03-07T02:32:20.846526 #3135]  INFO -- : 0:  bundler (1.5.1) from /Users/dkarter/.rvm/gems/ruby-2.1.0@global/specifications/bundler-1.5.1.gemspec
